0 info it worked if it ends with ok
1 verbose cli [ 'C:\\Program Files\\nodejs\\node.exe',
1 verbose cli   'C:\\Program Files\\nodejs\\node_modules\\npm\\bin\\npm-cli.js',
1 verbose cli   'run',
1 verbose cli   'prod' ]
2 info using npm@3.10.8
3 info using node@v6.9.1
4 verbose run-script [ 'preprod', 'prod', 'postprod' ]
5 info lifecycle todos@0.0.0~preprod: todos@0.0.0
6 silly lifecycle todos@0.0.0~preprod: no script for preprod, continuing
7 info lifecycle todos@0.0.0~prod: todos@0.0.0
8 verbose lifecycle todos@0.0.0~prod: unsafe-perm in lifecycle true
9 verbose lifecycle todos@0.0.0~prod: PATH: C:\Program Files\nodejs\node_modules\npm\bin\node-gyp-bin;C:\Users\user\todos\node_modules\.bin;C:\Users\user\bin;C:\Program Files\Git\mingw64\bin;C:\Program Files\Git\usr\local\bin;C:\Program Files\Git\usr\bin;C:\Program Files\Git\usr\bin;C:\Program Files\Git\mingw64\bin;C:\Program Files\Git\usr\bin;C:\Users\user\bin;C:\WINDOWS\system32;C:\WINDOWS;C:\WINDOWS\System32\Wbem;C:\WINDOWS\System32\WindowsPowerShell\v1.0;C:\Program Files\Git\cmd;C:\Program Files\nodejs;C:\Program Files (x86)\Skype\Phone;D:\bin;C:\Users\user\AppData\Local\Microsoft\WindowsApps;C:\Users\user\AppData\Roaming\npm;C:\ProgramData\user\atom\bin;C:\Program Files\Git\usr\bin\vendor_perl;C:\Program Files\Git\usr\bin\core_perl
10 verbose lifecycle todos@0.0.0~prod: CWD: C:\Users\user\todos
11 silly lifecycle todos@0.0.0~prod: Args: [ '/d /s /c',
11 silly lifecycle   'sudo NODE_ENV=production PORT=80 forever ./bin/www' ]
12 silly lifecycle todos@0.0.0~prod: Returned: code: 1  signal: null
13 info lifecycle todos@0.0.0~prod: Failed to exec prod script
14 verbose stack Error: todos@0.0.0 prod: `sudo NODE_ENV=production PORT=80 forever ./bin/www`
14 verbose stack Exit status 1
14 verbose stack     at EventEmitter.<anonymous> (C:\Program Files\nodejs\node_modules\npm\lib\utils\lifecycle.js:255:16)
14 verbose stack     at emitTwo (events.js:106:13)
14 verbose stack     at EventEmitter.emit (events.js:191:7)
14 verbose stack     at ChildProcess.<anonymous> (C:\Program Files\nodejs\node_modules\npm\lib\utils\spawn.js:40:14)
14 verbose stack     at emitTwo (events.js:106:13)
14 verbose stack     at ChildProcess.emit (events.js:191:7)
14 verbose stack     at maybeClose (internal/child_process.js:877:16)
14 verbose stack     at Process.ChildProcess._handle.onexit (internal/child_process.js:226:5)
15 verbose pkgid todos@0.0.0
16 verbose cwd C:\Users\user\todos
17 error Windows_NT 10.0.14393
18 error argv "C:\\Program Files\\nodejs\\node.exe" "C:\\Program Files\\nodejs\\node_modules\\npm\\bin\\npm-cli.js" "run" "prod"
19 error node v6.9.1
20 error npm  v3.10.8
21 error code ELIFECYCLE
22 error todos@0.0.0 prod: `sudo NODE_ENV=production PORT=80 forever ./bin/www`
22 error Exit status 1
23 error Failed at the todos@0.0.0 prod script 'sudo NODE_ENV=production PORT=80 forever ./bin/www'.
23 error Make sure you have the latest version of node.js and npm installed.
23 error If you do, this is most likely a problem with the todos package,
23 error not with npm itself.
23 error Tell the author that this fails on your system:
23 error     sudo NODE_ENV=production PORT=80 forever ./bin/www
23 error You can get information on how to open an issue for this project with:
23 error     npm bugs todos
23 error Or if that isn't available, you can get their info via:
23 error     npm owner ls todos
23 error There is likely additional logging output above.
24 verbose exit [ 1, true ]
